
Allocating common symbols
Common symbol       size              file

bss_var             0x3               main.o

Memory Configuration

Name             Origin             Length             Attributes
flash            0x08000000         0x00020000         xr
sram             0x20000000         0x00005000         xrw
*default*        0x00000000         0xffffffff

Linker script and memory map


.text           0x08000000       0xb4
 *(.vectors*)
 *(.text*)
 .text          0x08000000       0xa8 main.o
                0x08000000                main
 .text          0x080000a8        0x6 startup.o
 *(.rodata)
 *fill*         0x080000ae        0x2 
 .rodata        0x080000b0        0x4 main.o
                0x080000b0                const_varibls
                0x080000b4                _E_text = .

.glue_7         0x080000b4        0x0
 .glue_7        0x00000000        0x0 linker stubs

.glue_7t        0x080000b4        0x0
 .glue_7t       0x00000000        0x0 linker stubs

.vfp11_veneer   0x080000b4        0x0
 .vfp11_veneer  0x00000000        0x0 linker stubs

.v4_bx          0x080000b4        0x0
 .v4_bx         0x00000000        0x0 linker stubs

.iplt           0x080000b4        0x0
 .iplt          0x00000000        0x0 main.o

.rel.dyn        0x080000b4        0x0
 .rel.iplt      0x00000000        0x0 main.o

.data           0x20000000        0x8 load address 0x080000b4
                0x20000000                _S_data = .
 *(.data)
 .data          0x20000000        0x8 main.o
                0x20000000                r_odr
                0x20000004                g_varibls
 .data          0x20000008        0x0 startup.o
                0x20000008                . = ALIGN (0x4)
                0x20000008                _E_data = .

.igot.plt       0x20000008        0x0 load address 0x080000bc
 .igot.plt      0x00000000        0x0 main.o

.bss            0x20000008     0x1003 load address 0x080000bc
                0x20000008                _S_bss = .
 *(.bss)
 .bss           0x20000008        0x0 main.o
 .bss           0x20000008        0x0 startup.o
                0x20000008                _E_bss = .
                0x20000008                . = ALIGN (0x4)
                0x20001008                . = (. + 0x1000)
 *fill*         0x20000008     0x1000 
                0x20001008                stack_top = .
 COMMON         0x20001008        0x3 main.o
                0x20001008                bss_var
LOAD main.o
LOAD startup.o
OUTPUT(learn-in-depth-cortex-m3.elf elf32-littlearm)

.debug_info     0x00000000      0x1fe
 .debug_info    0x00000000      0x17c main.o
 .debug_info    0x0000017c       0x82 startup.o

.debug_abbrev   0x00000000       0xf7
 .debug_abbrev  0x00000000       0xe3 main.o
 .debug_abbrev  0x000000e3       0x14 startup.o

.debug_loc      0x00000000       0x38
 .debug_loc     0x00000000       0x38 main.o

.debug_aranges  0x00000000       0x40
 .debug_aranges
                0x00000000       0x20 main.o
 .debug_aranges
                0x00000020       0x20 startup.o

.debug_line     0x00000000       0xe0
 .debug_line    0x00000000       0xa6 main.o
 .debug_line    0x000000a6       0x3a startup.o

.debug_str      0x00000000      0x110
 .debug_str     0x00000000      0x110 main.o
                                0x152 (size before relaxing)

.comment        0x00000000       0x11
 .comment       0x00000000       0x11 main.o
                                 0x12 (size before relaxing)

.ARM.attributes
                0x00000000       0x31
 .ARM.attributes
                0x00000000       0x33 main.o
 .ARM.attributes
                0x00000033       0x21 startup.o

.vector         0x00000000       0x50
 .vector        0x00000000       0x50 startup.o

.debug_frame    0x00000000       0x2c
 .debug_frame   0x00000000       0x2c main.o
