
Allocating common symbols
Common symbol       size              file

Alarm_Monitor_State
                    0x4               Alarm_Monitor.o
Alarm_Actuator_State
                    0x4               Alarm_Actuator.o
PSensor_states      0x4               pressure_sensor.o
sensor_status_id    0x1               pressure_sensor.o
Alarm_Monitor_status_id
                    0x1               main.o
High_pressure       0x4               MainAl.o
Alarm_Actuator_status_id
                    0x1               main.o
High_Pressure_State_id
                    0x1               main.o

Memory Configuration

Name             Origin             Length             Attributes
flash            0x08000000         0x00020000         xr
sram             0x20000000         0x00005000         xrw
*default*        0x00000000         0xffffffff

Linker script and memory map


.text           0x08000000      0x4f0
 *(.vectors*)
 .vectors       0x08000000       0x1c startup.o
                0x08000000                vectors
 *(.text*)
 .text          0x0800001c       0xbc startup.o
                0x0800001c                Bus_fault_Handler
                0x0800001c                MM_fault_Handler
                0x0800001c                Usage_fault_Handler
                0x0800001c                H_fault_Handler
                0x0800001c                Default_Handler
                0x0800001c                NMI_Handler
                0x08000028                Reset_Handler
 .text          0x080000d8       0x88 pressure_sensor.o
                0x080000d8                Sensor_init
                0x080000e4                reading
                0x08000134                waiting
 .text          0x08000160       0x98 main.o
                0x08000160                init
                0x080001b8                main
 .text          0x080001f8       0x64 MainAl.o
                0x080001f8                Set_pressure_Val
                0x08000218                hiegh_pressure_detect
 .text          0x0800025c       0xe0 Alarm_Actuator.o
                0x0800025c                Alarm_init
                0x08000268                AlarmOff
                0x08000298                AlarmOn
                0x080002c8                Waiting
                0x080002f4                start_alam
                0x08000318                stop_alarm
 .text          0x0800033c      0x10c driver.o
                0x0800033c                Delay
                0x08000360                getPressureVal
                0x08000378                Set_Alarm_actuator
                0x080003c8                GPIO_INITIALIZATION
 .text          0x08000448       0xa8 Alarm_Monitor.o
                0x08000448                High_Pressure_Detection
                0x08000464                Off
                0x08000490                On
                0x080004c4                Wait
 *(.rodata)
                0x080004f0                _E_text = .

.glue_7         0x080004f0        0x0
 .glue_7        0x00000000        0x0 linker stubs

.glue_7t        0x080004f0        0x0
 .glue_7t       0x00000000        0x0 linker stubs

.vfp11_veneer   0x080004f0        0x0
 .vfp11_veneer  0x00000000        0x0 linker stubs

.v4_bx          0x080004f0        0x0
 .v4_bx         0x00000000        0x0 linker stubs

.iplt           0x080004f0        0x0
 .iplt          0x00000000        0x0 startup.o

.rel.dyn        0x080004f0        0x0
 .rel.iplt      0x00000000        0x0 startup.o

.data           0x20000000        0x4 load address 0x080004f0
                0x20000000                _S_DATA = .
 *(.data)
 .data          0x20000000        0x0 startup.o
 .data          0x20000000        0x0 pressure_sensor.o
 .data          0x20000000        0x0 main.o
 .data          0x20000000        0x4 MainAl.o
                0x20000000                threshold
 .data          0x20000004        0x0 Alarm_Actuator.o
 .data          0x20000004        0x0 driver.o
 .data          0x20000004        0x0 Alarm_Monitor.o
                0x20000004                _E_DATA = .

.igot.plt       0x20000004        0x0 load address 0x080004f4
 .igot.plt      0x00000000        0x0 startup.o

.bss            0x20000004     0x101c load address 0x080004f4
                0x20000004                _S_bss = .
 *(.bss*)
 .bss           0x20000004        0x0 startup.o
 .bss           0x20000004        0x4 pressure_sensor.o
                0x20000004                Pval
 .bss           0x20000008        0x0 main.o
 .bss           0x20000008        0x4 MainAl.o
                0x20000008                P_val
 .bss           0x2000000c        0x0 Alarm_Actuator.o
 .bss           0x2000000c        0x0 driver.o
 .bss           0x2000000c        0x0 Alarm_Monitor.o
                0x2000000c                . = ALIGN (0x4)
                0x2000000c                _E_bss = .
                0x2000100c                . = (. + 0x1000)
 *fill*         0x2000000c     0x1000 
                0x2000100c                _stack_top = .
 COMMON         0x2000100c        0x5 pressure_sensor.o
                0x2000100c                PSensor_states
                0x20001010                sensor_status_id
 COMMON         0x20001011        0x3 main.o
                0x20001011                Alarm_Monitor_status_id
                0x20001012                Alarm_Actuator_status_id
                0x20001013                High_Pressure_State_id
 COMMON         0x20001014        0x4 MainAl.o
                0x20001014                High_pressure
 COMMON         0x20001018        0x4 Alarm_Actuator.o
                0x20001018                Alarm_Actuator_State
 COMMON         0x2000101c        0x4 Alarm_Monitor.o
                0x2000101c                Alarm_Monitor_State
LOAD startup.o
LOAD pressure_sensor.o
LOAD main.o
LOAD MainAl.o
LOAD Alarm_Actuator.o
LOAD driver.o
LOAD Alarm_Monitor.o
OUTPUT(Pressure_Detection.elf elf32-littlearm)

.debug_info     0x00000000      0x898
 .debug_info    0x00000000      0x168 startup.o
 .debug_info    0x00000168      0x111 pressure_sensor.o
 .debug_info    0x00000279      0x18a main.o
 .debug_info    0x00000403      0x13a MainAl.o
 .debug_info    0x0000053d      0x143 Alarm_Actuator.o
 .debug_info    0x00000680      0x103 driver.o
 .debug_info    0x00000783      0x115 Alarm_Monitor.o

.debug_abbrev   0x00000000      0x4a0
 .debug_abbrev  0x00000000       0xc2 startup.o
 .debug_abbrev  0x000000c2       0x92 pressure_sensor.o
 .debug_abbrev  0x00000154       0xae main.o
 .debug_abbrev  0x00000202       0xc1 MainAl.o
 .debug_abbrev  0x000002c3       0x9b Alarm_Actuator.o
 .debug_abbrev  0x0000035e       0x9d driver.o
 .debug_abbrev  0x000003fb       0xa5 Alarm_Monitor.o

.debug_loc      0x00000000      0x424
 .debug_loc     0x00000000       0x64 startup.o
 .debug_loc     0x00000064       0x84 pressure_sensor.o
 .debug_loc     0x000000e8       0x58 main.o
 .debug_loc     0x00000140       0x64 MainAl.o
 .debug_loc     0x000001a4      0x108 Alarm_Actuator.o
 .debug_loc     0x000002ac       0xc8 driver.o
 .debug_loc     0x00000374       0xb0 Alarm_Monitor.o

.debug_aranges  0x00000000       0xe0
 .debug_aranges
                0x00000000       0x20 startup.o
 .debug_aranges
                0x00000020       0x20 pressure_sensor.o
 .debug_aranges
                0x00000040       0x20 main.o
 .debug_aranges
                0x00000060       0x20 MainAl.o
 .debug_aranges
                0x00000080       0x20 Alarm_Actuator.o
 .debug_aranges
                0x000000a0       0x20 driver.o
 .debug_aranges
                0x000000c0       0x20 Alarm_Monitor.o

.debug_line     0x00000000      0x360
 .debug_line    0x00000000       0xac startup.o
 .debug_line    0x000000ac       0x63 pressure_sensor.o
 .debug_line    0x0000010f       0x9f main.o
 .debug_line    0x000001ae       0x4c MainAl.o
 .debug_line    0x000001fa       0x6c Alarm_Actuator.o
 .debug_line    0x00000266       0x99 driver.o
 .debug_line    0x000002ff       0x61 Alarm_Monitor.o

.debug_str      0x00000000      0x329
 .debug_str     0x00000000      0x10c startup.o
                                0x140 (size before relaxing)
 .debug_str     0x0000010c       0x5c pressure_sensor.o
                                0x120 (size before relaxing)
 .debug_str     0x00000168       0xc5 main.o
                                0x1b7 (size before relaxing)
 .debug_str     0x0000022d       0x58 MainAl.o
                                0x151 (size before relaxing)
 .debug_str     0x00000285       0x43 Alarm_Actuator.o
                                0x13e (size before relaxing)
 .debug_str     0x000002c8       0x4c driver.o
                                0x111 (size before relaxing)
 .debug_str     0x00000314       0x15 Alarm_Monitor.o
                                0x133 (size before relaxing)

.comment        0x00000000       0x11
 .comment       0x00000000       0x11 startup.o
                                 0x12 (size before relaxing)
 .comment       0x00000000       0x12 pressure_sensor.o
 .comment       0x00000000       0x12 main.o
 .comment       0x00000000       0x12 MainAl.o
 .comment       0x00000000       0x12 Alarm_Actuator.o
 .comment       0x00000000       0x12 driver.o
 .comment       0x00000000       0x12 Alarm_Monitor.o

.ARM.attributes
                0x00000000       0x33
 .ARM.attributes
                0x00000000       0x33 startup.o
 .ARM.attributes
                0x00000033       0x33 pressure_sensor.o
 .ARM.attributes
                0x00000066       0x33 main.o
 .ARM.attributes
                0x00000099       0x33 MainAl.o
 .ARM.attributes
                0x000000cc       0x33 Alarm_Actuator.o
 .ARM.attributes
                0x000000ff       0x33 driver.o
 .ARM.attributes
                0x00000132       0x33 Alarm_Monitor.o

.debug_frame    0x00000000      0x2e0
 .debug_frame   0x00000000       0x4c startup.o
 .debug_frame   0x0000004c       0x60 pressure_sensor.o
 .debug_frame   0x000000ac       0x48 main.o
 .debug_frame   0x000000f4       0x48 MainAl.o
 .debug_frame   0x0000013c       0xb4 Alarm_Actuator.o
 .debug_frame   0x000001f0       0x78 driver.o
 .debug_frame   0x00000268       0x78 Alarm_Monitor.o
